<?xml version="1.0" encoding="UTF-8"?>
<testng-results ignored="0" total="1" passed="1" failed="0" skipped="0">
  <reporter-output>
  </reporter-output>
  <suite started-at="2023-03-07T17:58:58 IST" name="Suite" finished-at="2023-03-07T17:59:10 IST" duration-ms="12262">
    <groups>
    </groups>
    <test started-at="2023-03-07T17:58:58 IST" name="Test" finished-at="2023-03-07T17:59:10 IST" duration-ms="12262">
      <class name="com.Aps.test.DownloadClientCSV">
        <test-method is-config="true" signature="configurations(org.testng.ITestContext)[pri:0, instance:com.Aps.test.DownloadClientCSV@5e746d37, instance params:[]]" started-at="2023-03-07T17:58:58 IST" name="configurations" finished-at="2023-03-07T17:58:58 IST" duration-ms="29" status="PASS">
          <params>
            <param index="0">
              <value>
                <![CDATA[org.testng.TestRunner@48f4713c]]>
              </value>
            </param>
          </params>
          <reporter-output>
          </reporter-output>
        </test-method> <!-- configurations -->
        <test-method is-config="true" signature="setup(java.lang.reflect.Method)[pri:0, instance:com.Aps.test.DownloadClientCSV@5e746d37, instance params:[]]" started-at="2023-03-07T17:58:58 IST" name="setup" finished-at="2023-03-07T17:59:06 IST" duration-ms="7379" status="PASS">
          <params>
            <param index="0">
              <value>
                <![CDATA[public void com.Aps.test.DownloadClientCSV.downloadcsv(java.util.Map)]]>
              </value>
            </param>
          </params>
          <reporter-output>
          </reporter-output>
        </test-method> <!-- setup -->
        <test-method signature="downloadcsv(java.util.Map)[pri:0, instance:com.Aps.test.DownloadClientCSV@5e746d37, instance params:[]]" started-at="2023-03-07T17:59:06 IST" name="downloadcsv" description="CSV file" data-provider="testData" finished-at="2023-03-07T17:59:10 IST" duration-ms="4003" status="PASS">
          <params>
            <param index="0">
              <value>
                <![CDATA[{Test_Case=TC001_AccountLogin, password=Design123$, email=digital@designpluz.com.au}]]>
              </value>
            </param>
          </params>
          <reporter-output>
          </reporter-output>
        </test-method> <!-- downloadcsv -->
        <test-method is-config="true" signature="tearDown()[pri:0, instance:com.Aps.test.DownloadClientCSV@5e746d37, instance params:[]]" started-at="2023-03-07T17:59:10 IST" name="tearDown" finished-at="2023-03-07T17:59:10 IST" duration-ms="700" status="PASS">
          <reporter-output>
          </reporter-output>
        </test-method> <!-- tearDown -->
      </class> <!-- com.Aps.test.DownloadClientCSV -->
    </test> <!-- Test -->
  </suite> <!-- Suite -->
</testng-results>
